INFO | panoptes.conftest : configInfo | 2018-10-12 13:22:14 | false
INFO | panoptes.conftest : mod_header | 2018-10-12 13:22:14 | 
------------------------------
| API Environment: prod |
------------------------------

INFO | panoptes.conftest : reporting_header | 2018-10-12 13:22:14 | 
------------------------------
| Reporting: false |
------------------------------

DEBUG | urllib3.connectionpool : _new_conn | 2018-10-12 13:22:14 | Starting new HTTPS connection (1): api.ordercloud.io:443
DEBUG | urllib3.connectionpool : _make_request | 2018-10-12 13:22:14 | https://api.ordercloud.io:443 "GET /env HTTP/1.1" 200 273
INFO | panoptes.test_base : test_api_env_vars | 2018-10-12 13:22:14 | API ENV: {
  "Environment": "prod",
  "Version": "1.0.84.1114",
  "Branch": "default",
  "Commit": "70029bdd27bc1961de518b4cf6e970f8968dfce5",
  "CommitDate": "2018-10-05T00:57:29+00:00",
  "BuildDate": "2018-10-05T01:32:05+00:00"
}
DEBUG | urllib3.connectionpool : _new_conn | 2018-10-12 13:22:14 | Starting new HTTPS connection (1): auth.ordercloud.io:443
DEBUG | urllib3.connectionpool : _make_request | 2018-10-12 13:22:14 | https://auth.ordercloud.io:443 "GET /env HTTP/1.1" 200 280
INFO | panoptes.test_base : test_api_env_vars | 2018-10-12 13:22:14 | AUTH ENV: {
  "Environment": "prod",
  "Version": "1.0.84.1114",
  "Branch": "default",
  "Commit": "70029bdd27bc1961de518b4cf6e970f8968dfce5",
  "CommitDate": "2018-10-05T00:57:29+00:00",
  "BuildDate": "2018-10-05T01:32:05+00:00"
}
DEBUG | urllib3.connectionpool : _new_conn | 2018-10-12 13:22:14 | Starting new HTTPS connection (1): integrations.ordercloud.io:443
DEBUG | urllib3.connectionpool : _make_request | 2018-10-12 13:22:14 | https://integrations.ordercloud.io:443 "GET /env HTTP/1.1" 200 273
INFO | panoptes.test_base : test_api_env_vars | 2018-10-12 13:22:14 | INTEGRATIONS ENV: {
  "Environment": "prod",
  "Version": "1.0.84.1114",
  "Branch": "default",
  "Commit": "70029bdd27bc1961de518b4cf6e970f8968dfce5",
  "CommitDate": "2018-10-05T00:57:29+00:00",
  "BuildDate": "2018-10-05T01:32:05+00:00"
}
INFO | panoptes : getConfigData | 2018-10-12 13:22:14 | API: 'https://api.ordercloud.io/'
INFO | panoptes : getConfigData | 2018-10-12 13:22:14 | AUTH: 'https://auth.ordercloud.io/'
INFO | panoptes : getConfigData | 2018-10-12 13:22:14 | api env is prod!!
DEBUG | panoptes.auth : get_Token_UsernamePassword | 2018-10-12 13:22:14 | {'client_id': '1AA9B54E-B31D-48E6-94E2-7454208D82E0', 'grant_type': 'password', 'username': 'hgomez', 'password': 'W5TKMCsq1wQq', 'Scope': 'Shopper MeAdmin'}
DEBUG | urllib3.connectionpool : _new_conn | 2018-10-12 13:22:14 | Starting new HTTPS connection (1): auth.ordercloud.io:443
DEBUG | urllib3.connectionpool : _make_request | 2018-10-12 13:22:15 | https://auth.ordercloud.io:443 "POST /oauth/token HTTP/1.1" 200 535
DEBUG | panoptes.auth : get_Token_UsernamePassword | 2018-10-12 13:22:15 | {
  "access_token": "eyJ0eXAiOiJKV1QiLCJhbGciOiJIUzI1NiJ9.eyJ1c3IiOiJoZ29tZXoiLCJjaWQiOiIxYWE5YjU0ZS1iMzFkLTQ4ZTYtOTRlMi03NDU0MjA4ZDgyZTAiLCJ1c3J0eXBlIjoiYnV5ZXIiLCJyb2xlIjpbIlNob3BwZXIiLCJNZUFkbWluIl0sImlzcyI6Imh0dHBzOi8vYXV0aC5vcmRlcmNsb3VkLmlvIiwiYXVkIjoiaHR0cHM6Ly9hcGkub3JkZXJjbG91ZC5pbyIsImV4cCI6MTUzOTQwNDUzNiwibmJmIjoxNTM5MzY4NTM2fQ.AmYRtYKeXFfiyEdK0PlBGHN7lp3k193106c630HAJag",
  "token_type": "bearer",
  "expires_in": 35999
}
DEBUG | urllib3.connectionpool : _new_conn | 2018-10-12 13:22:15 | Starting new HTTPS connection (1): api.ordercloud.io:443
DEBUG | urllib3.connectionpool : _make_request | 2018-10-12 13:22:15 | https://api.ordercloud.io:443 "GET /v1/me HTTP/1.1" 200 445
DEBUG | panoptes.me : get_Me | 2018-10-12 13:22:15 | https://api.ordercloud.io/v1/me
DEBUG | panoptes.me : get_Me | 2018-10-12 13:22:15 | 200
DEBUG | panoptes.auth : get_Token_ClientID | 2018-10-12 13:22:15 | {'client_id': '1AA9B54E-B31D-48E6-94E2-7454208D82E0', 'grant_type': 'client_credentials', 'Scope': 'Shopper'}
DEBUG | urllib3.connectionpool : _new_conn | 2018-10-12 13:22:15 | Starting new HTTPS connection (1): auth.ordercloud.io:443
DEBUG | urllib3.connectionpool : _make_request | 2018-10-12 13:22:15 | https://auth.ordercloud.io:443 "POST /oauth/token HTTP/1.1" 200 564
DEBUG | panoptes.auth : get_Token_ClientID | 2018-10-12 13:22:15 | {'User-Agent': 'python-requests/2.19.1', 'Accept-Encoding': 'gzip, deflate', 'Accept': '*/*', 'Connection': 'keep-alive', 'Content-Type': 'text/html', 'Content-Length': '90'}
DEBUG | panoptes.auth : get_Token_ClientID | 2018-10-12 13:22:15 | client_id=1AA9B54E-B31D-48E6-94E2-7454208D82E0&grant_type=client_credentials&Scope=Shopper
DEBUG | panoptes.auth : get_Token_ClientID | 2018-10-12 13:22:15 | {
  "access_token": "eyJ0eXAiOiJKV1QiLCJhbGciOiJIUzI1NiJ9.eyJ1c3IiOiJhbm9uLXRlbXBsYXRlIiwiY2lkIjoiMWFhOWI1NGUtYjMxZC00OGU2LTk0ZTItNzQ1NDIwOGQ4MmUwIiwib3JkZXJpZCI6IlFYX3pZME9Zcms2ZUdnckp0aEd1T3ciLCJ1c3J0eXBlIjoiYnV5ZXIiLCJyb2xlIjoiU2hvcHBlciIsImlzcyI6Imh0dHBzOi8vYXV0aC5vcmRlcmNsb3VkLmlvIiwiYXVkIjoiaHR0cHM6Ly9hcGkub3JkZXJjbG91ZC5pbyIsImV4cCI6MTUzOTk3MzMzNywibmJmIjoxNTM5MzY4NTM3fQ.Q1eIrpQZ0b5EUlcdZSxvvkREOFZb-31PHiRQrsyVu7o",
  "token_type": "bearer",
  "expires_in": 35999
}
INFO | panoptes.auth : get_anon_user_token | 2018-10-12 13:22:15 | {'access_token': 'eyJ0eXAiOiJKV1QiLCJhbGciOiJIUzI1NiJ9.eyJ1c3IiOiJhbm9uLXRlbXBsYXRlIiwiY2lkIjoiMWFhOWI1NGUtYjMxZC00OGU2LTk0ZTItNzQ1NDIwOGQ4MmUwIiwib3JkZXJpZCI6IlFYX3pZME9Zcms2ZUdnckp0aEd1T3ciLCJ1c3J0eXBlIjoiYnV5ZXIiLCJyb2xlIjoiU2hvcHBlciIsImlzcyI6Imh0dHBzOi8vYXV0aC5vcmRlcmNsb3VkLmlvIiwiYXVkIjoiaHR0cHM6Ly9hcGkub3JkZXJjbG91ZC5pbyIsImV4cCI6MTUzOTk3MzMzNywibmJmIjoxNTM5MzY4NTM3fQ.Q1eIrpQZ0b5EUlcdZSxvvkREOFZb-31PHiRQrsyVu7o', 'token_type': 'bearer', 'expires_in': 35999}
DEBUG | urllib3.connectionpool : _new_conn | 2018-10-12 13:22:15 | Starting new HTTPS connection (1): api.ordercloud.io:443
DEBUG | urllib3.connectionpool : _make_request | 2018-10-12 13:22:16 | https://api.ordercloud.io:443 "GET /v1/me HTTP/1.1" 200 429
DEBUG | panoptes.me : get_Me | 2018-10-12 13:22:16 | https://api.ordercloud.io/v1/me
DEBUG | panoptes.me : get_Me | 2018-10-12 13:22:16 | 200
DEBUG | panoptes.auth : get_Token_ClientID | 2018-10-12 13:22:16 | {'client_id': '1AA9B54E-B31D-48E6-94E2-7454208D82E0', 'grant_type': 'client_credentials', 'Scope': 'Shopper'}
DEBUG | urllib3.connectionpool : _new_conn | 2018-10-12 13:22:16 | Starting new HTTPS connection (1): auth.ordercloud.io:443
DEBUG | urllib3.connectionpool : _make_request | 2018-10-12 13:22:16 | https://auth.ordercloud.io:443 "POST /oauth/token HTTP/1.1" 200 566
DEBUG | panoptes.auth : get_Token_ClientID | 2018-10-12 13:22:16 | {'User-Agent': 'python-requests/2.19.1', 'Accept-Encoding': 'gzip, deflate', 'Accept': '*/*', 'Connection': 'keep-alive', 'Content-Type': 'text/html', 'Content-Length': '90'}
DEBUG | panoptes.auth : get_Token_ClientID | 2018-10-12 13:22:16 | client_id=1AA9B54E-B31D-48E6-94E2-7454208D82E0&grant_type=client_credentials&Scope=Shopper
DEBUG | panoptes.auth : get_Token_ClientID | 2018-10-12 13:22:16 | {
  "access_token": "eyJ0eXAiOiJKV1QiLCJhbGciOiJIUzI1NiJ9.eyJ1c3IiOiJhbm9uLXRlbXBsYXRlIiwiY2lkIjoiMWFhOWI1NGUtYjMxZC00OGU2LTk0ZTItNzQ1NDIwOGQ4MmUwIiwib3JkZXJpZCI6IklaWFNISmdtODBlQmQ2NENUa1VIcEEiLCJ1c3J0eXBlIjoiYnV5ZXIiLCJyb2xlIjoiU2hvcHBlciIsImlzcyI6Imh0dHBzOi8vYXV0aC5vcmRlcmNsb3VkLmlvIiwiYXVkIjoiaHR0cHM6Ly9hcGkub3JkZXJjbG91ZC5pbyIsImV4cCI6MTUzOTk3MzMzNywibmJmIjoxNTM5MzY4NTM3fQ.Ce7gXZArPLfdGg2XLDNrJVDWkKThSA-pYf8eHlJwB3o",
  "token_type": "bearer",
  "expires_in": 35999
}
DEBUG | urllib3.connectionpool : _new_conn | 2018-10-12 13:22:16 | Starting new HTTPS connection (1): api.ordercloud.io:443
DEBUG | urllib3.connectionpool : _make_request | 2018-10-12 13:22:16 | https://api.ordercloud.io:443 "GET /v1/me HTTP/1.1" 200 429
DEBUG | panoptes.me : get_Me | 2018-10-12 13:22:16 | https://api.ordercloud.io/v1/me
DEBUG | panoptes.me : get_Me | 2018-10-12 13:22:16 | 200
DEBUG | panoptes.auth : get_Token_ClientID | 2018-10-12 13:22:16 | {'client_id': '1AA9B54E-B31D-48E6-94E2-7454208D82E0', 'grant_type': 'client_credentials', 'Scope': 'Shopper'}
DEBUG | urllib3.connectionpool : _new_conn | 2018-10-12 13:22:16 | Starting new HTTPS connection (1): auth.ordercloud.io:443
DEBUG | urllib3.connectionpool : _make_request | 2018-10-12 13:22:16 | https://auth.ordercloud.io:443 "POST /oauth/token HTTP/1.1" 200 565
DEBUG | panoptes.auth : get_Token_ClientID | 2018-10-12 13:22:16 | {'User-Agent': 'python-requests/2.19.1', 'Accept-Encoding': 'gzip, deflate', 'Accept': '*/*', 'Connection': 'keep-alive', 'Content-Type': 'text/html', 'Content-Length': '90'}
DEBUG | panoptes.auth : get_Token_ClientID | 2018-10-12 13:22:16 | client_id=1AA9B54E-B31D-48E6-94E2-7454208D82E0&grant_type=client_credentials&Scope=Shopper
DEBUG | panoptes.auth : get_Token_ClientID | 2018-10-12 13:22:16 | {
  "access_token": "eyJ0eXAiOiJKV1QiLCJhbGciOiJIUzI1NiJ9.eyJ1c3IiOiJhbm9uLXRlbXBsYXRlIiwiY2lkIjoiMWFhOWI1NGUtYjMxZC00OGU2LTk0ZTItNzQ1NDIwOGQ4MmUwIiwib3JkZXJpZCI6IlBSam4zcmUzZFVxUnpZN1lmZl96bUEiLCJ1c3J0eXBlIjoiYnV5ZXIiLCJyb2xlIjoiU2hvcHBlciIsImlzcyI6Imh0dHBzOi8vYXV0aC5vcmRlcmNsb3VkLmlvIiwiYXVkIjoiaHR0cHM6Ly9hcGkub3JkZXJjbG91ZC5pbyIsImV4cCI6MTUzOTk3MzMzOCwibmJmIjoxNTM5MzY4NTM4fQ.AWshXphuJnmshKSReS5eJf706N3tH3m_VNfyQof23s4",
  "token_type": "bearer",
  "expires_in": 35999
}
INFO | panoptes.auth : get_anon_user_token | 2018-10-12 13:22:16 | {'access_token': 'eyJ0eXAiOiJKV1QiLCJhbGciOiJIUzI1NiJ9.eyJ1c3IiOiJhbm9uLXRlbXBsYXRlIiwiY2lkIjoiMWFhOWI1NGUtYjMxZC00OGU2LTk0ZTItNzQ1NDIwOGQ4MmUwIiwib3JkZXJpZCI6IlBSam4zcmUzZFVxUnpZN1lmZl96bUEiLCJ1c3J0eXBlIjoiYnV5ZXIiLCJyb2xlIjoiU2hvcHBlciIsImlzcyI6Imh0dHBzOi8vYXV0aC5vcmRlcmNsb3VkLmlvIiwiYXVkIjoiaHR0cHM6Ly9hcGkub3JkZXJjbG91ZC5pbyIsImV4cCI6MTUzOTk3MzMzOCwibmJmIjoxNTM5MzY4NTM4fQ.AWshXphuJnmshKSReS5eJf706N3tH3m_VNfyQof23s4', 'token_type': 'bearer', 'expires_in': 35999}
DEBUG | urllib3.connectionpool : _new_conn | 2018-10-12 13:22:16 | Starting new HTTPS connection (1): api.ordercloud.io:443
DEBUG | urllib3.connectionpool : _make_request | 2018-10-12 13:22:17 | https://api.ordercloud.io:443 "GET /v1/me HTTP/1.1" 200 429
DEBUG | panoptes.me : get_Me | 2018-10-12 13:22:17 | https://api.ordercloud.io/v1/me
DEBUG | panoptes.me : get_Me | 2018-10-12 13:22:17 | 200
DEBUG | urllib3.connectionpool : _new_conn | 2018-10-12 13:22:17 | Starting new HTTPS connection (1): api.ordercloud.io:443
DEBUG | urllib3.connectionpool : _make_request | 2018-10-12 13:22:17 | https://api.ordercloud.io:443 "GET /v1/me HTTP/1.1" 200 429
DEBUG | urllib3.connectionpool : _new_conn | 2018-10-12 13:22:17 | Starting new HTTPS connection (1): api.ordercloud.io:443
DEBUG | urllib3.connectionpool : _make_request | 2018-10-12 13:22:17 | https://api.ordercloud.io:443 "GET /v1/me/products HTTP/1.1" 200 4688
DEBUG | panoptes.me : get_meProducts | 2018-10-12 13:22:17 | https://api.ordercloud.io/v1/me/products
DEBUG | panoptes.me : get_meProducts | 2018-10-12 13:22:17 | 200
DEBUG | urllib3.connectionpool : _make_request | 2018-10-12 13:22:17 | https://api.ordercloud.io:443 "POST /v1/orders/outgoing HTTP/1.1" 201 806
DEBUG | urllib3.connectionpool : _make_request | 2018-10-12 13:22:18 | https://api.ordercloud.io:443 "POST /v1/orders/outgoing/kdBbhlaYJ0OmxRspiAFznA/lineitems HTTP/1.1" 201 1300
DEBUG | panoptes.auth.test_auth : test_anonOrderNotFound | 2018-10-12 13:22:18 | 201
DEBUG | panoptes.auth : get_Token_UsernamePassword | 2018-10-12 13:22:18 | {'client_id': '1AA9B54E-B31D-48E6-94E2-7454208D82E0', 'grant_type': 'password', 'username': 'hgomez', 'password': 'W5TKMCsq1wQq', 'Scope': 'Shopper MeAdmin'}
DEBUG | urllib3.connectionpool : _new_conn | 2018-10-12 13:22:18 | Starting new HTTPS connection (1): auth.ordercloud.io:443
DEBUG | urllib3.connectionpool : _make_request | 2018-10-12 13:22:18 | https://auth.ordercloud.io:443 "POST /oauth/token HTTP/1.1" 200 536
DEBUG | panoptes.auth : get_Token_UsernamePassword | 2018-10-12 13:22:18 | {
  "access_token": "eyJ0eXAiOiJKV1QiLCJhbGciOiJIUzI1NiJ9.eyJ1c3IiOiJoZ29tZXoiLCJjaWQiOiIxYWE5YjU0ZS1iMzFkLTQ4ZTYtOTRlMi03NDU0MjA4ZDgyZTAiLCJ1c3J0eXBlIjoiYnV5ZXIiLCJyb2xlIjpbIlNob3BwZXIiLCJNZUFkbWluIl0sImlzcyI6Imh0dHBzOi8vYXV0aC5vcmRlcmNsb3VkLmlvIiwiYXVkIjoiaHR0cHM6Ly9hcGkub3JkZXJjbG91ZC5pbyIsImV4cCI6MTUzOTQwNDUzOSwibmJmIjoxNTM5MzY4NTM5fQ._EJ9TmAXR586HnPE4yofhs4ZoRy5dzB107pt_kQZW9g",
  "token_type": "bearer",
  "expires_in": 35999
}
DEBUG | urllib3.connectionpool : _new_conn | 2018-10-12 13:22:18 | Starting new HTTPS connection (1): api.ordercloud.io:443
DEBUG | urllib3.connectionpool : _make_request | 2018-10-12 13:22:18 | https://api.ordercloud.io:443 "GET /v1/me HTTP/1.1" 200 445
DEBUG | panoptes.me : get_Me | 2018-10-12 13:22:18 | https://api.ordercloud.io/v1/me
DEBUG | panoptes.me : get_Me | 2018-10-12 13:22:18 | 200
INFO | panoptes.integrations.test_messageSenders : test_ForgottenPassword | 2018-10-12 13:22:18 | reset that password!
DEBUG | urllib3.connectionpool : _new_conn | 2018-10-12 13:22:18 | Starting new HTTPS connection (1): api.ordercloud.io:443
DEBUG | urllib3.connectionpool : _make_request | 2018-10-12 13:22:18 | https://api.ordercloud.io:443 "GET /v1/me HTTP/1.1" 200 445
DEBUG | panoptes.me : get_Me | 2018-10-12 13:22:18 | https://api.ordercloud.io/v1/me
DEBUG | panoptes.me : get_Me | 2018-10-12 13:22:18 | 200
DEBUG | panoptes.auth : post_resetPassword | 2018-10-12 13:22:18 | {
  "ClientID": "1AA9B54E-B31D-48E6-94E2-7454208D82E0",
  "Email": "hgomez.vyzygln2@mailosaur.io",
  "username": "hgomez",
  "URL": "https://simpson.com/"
}
DEBUG | panoptes.auth : post_resetPassword | 2018-10-12 13:22:18 | {'Content-Type': 'application/json', 'Autentication': 'Bearer eyJ0eXAiOiJKV1QiLCJhbGciOiJIUzI1NiJ9.eyJ1c3IiOiJoZ29tZXoiLCJjaWQiOiIxYWE5YjU0ZS1iMzFkLTQ4ZTYtOTRlMi03NDU0MjA4ZDgyZTAiLCJ1c3J0eXBlIjoiYnV5ZXIiLCJyb2xlIjpbIlNob3BwZXIiLCJNZUFkbWluIl0sImlzcyI6Imh0dHBzOi8vYXV0aC5vcmRlcmNsb3VkLmlvIiwiYXVkIjoiaHR0cHM6Ly9hcGkub3JkZXJjbG91ZC5pbyIsImV4cCI6MTUzOTQwNDUzOSwibmJmIjoxNTM5MzY4NTM5fQ._EJ9TmAXR586HnPE4yofhs4ZoRy5dzB107pt_kQZW9g'}
DEBUG | urllib3.connectionpool : _new_conn | 2018-10-12 13:22:18 | Starting new HTTPS connection (1): api.ordercloud.io:443
DEBUG | urllib3.connectionpool : _make_request | 2018-10-12 13:22:19 | https://api.ordercloud.io:443 "POST /v1/password/reset HTTP/1.1" 204 0
DEBUG | panoptes.auth : post_resetPassword | 2018-10-12 13:22:19 | <Response [204]>
INFO | panoptes.integrations.test_messageSenders : test_ForgottenPassword | 2018-10-12 13:22:19 | time to get the email
DEBUG | urllib3.connectionpool : _new_conn | 2018-10-12 13:22:19 | Starting new HTTPS connection (1): mailosaur.com:443
DEBUG | urllib3.connectionpool : _make_request | 2018-10-12 13:22:21 | https://mailosaur.com:443 "POST /api/messages/await?server=vyzygln2 HTTP/1.1" 200 None
DEBUG | urllib3.connectionpool : _new_conn | 2018-10-12 13:22:21 | Starting new HTTPS connection (1): mailosaur.com:443
DEBUG | urllib3.connectionpool : _make_request | 2018-10-12 13:22:21 | https://mailosaur.com:443 "GET /api/messages/2cc97374-bf0d-453d-b407-fe45f53c0771 HTTP/1.1" 200 None
DEBUG | urllib3.connectionpool : _new_conn | 2018-10-12 13:22:21 | Starting new HTTPS connection (1): mailosaur.com:443
DEBUG | urllib3.connectionpool : _make_request | 2018-10-12 13:22:22 | https://mailosaur.com:443 "DELETE /api/messages/2cc97374-bf0d-453d-b407-fe45f53c0771 HTTP/1.1" 204 0
DEBUG | panoptes.auth : get_Token_UsernamePassword | 2018-10-12 13:22:22 | {'client_id': '1AA9B54E-B31D-48E6-94E2-7454208D82E0', 'grant_type': 'password', 'username': 'hgomez', 'password': 'W5TKMCsq1wQq', 'Scope': 'Shopper MeAdmin MeAddressAdmin'}
DEBUG | urllib3.connectionpool : _new_conn | 2018-10-12 13:22:22 | Starting new HTTPS connection (1): auth.ordercloud.io:443
DEBUG | urllib3.connectionpool : _make_request | 2018-10-12 13:22:22 | https://auth.ordercloud.io:443 "POST /oauth/token HTTP/1.1" 200 555
DEBUG | panoptes.auth : get_Token_UsernamePassword | 2018-10-12 13:22:22 | {
  "access_token": "eyJ0eXAiOiJKV1QiLCJhbGciOiJIUzI1NiJ9.eyJ1c3IiOiJoZ29tZXoiLCJjaWQiOiIxYWE5YjU0ZS1iMzFkLTQ4ZTYtOTRlMi03NDU0MjA4ZDgyZTAiLCJ1c3J0eXBlIjoiYnV5ZXIiLCJyb2xlIjpbIlNob3BwZXIiLCJNZUFkbWluIiwiTWVBZGRyZXNzQWRtaW4iXSwiaXNzIjoiaHR0cHM6Ly9hdXRoLm9yZGVyY2xvdWQuaW8iLCJhdWQiOiJodHRwczovL2FwaS5vcmRlcmNsb3VkLmlvIiwiZXhwIjoxNTM5NDA0NTQzLCJuYmYiOjE1MzkzNjg1NDN9.lK7SB-TzfwaLhvaoV8nxyeaRt1yoyG1lhD3RTy2mzmU",
  "token_type": "bearer",
  "expires_in": 35999
}
DEBUG | urllib3.connectionpool : _new_conn | 2018-10-12 13:22:22 | Starting new HTTPS connection (1): api.ordercloud.io:443
DEBUG | urllib3.connectionpool : _make_request | 2018-10-12 13:22:22 | https://api.ordercloud.io:443 "GET /v1/me HTTP/1.1" 200 445
DEBUG | urllib3.connectionpool : _make_request | 2018-10-12 13:22:22 | https://api.ordercloud.io:443 "GET /v1/me/addresses HTTP/1.1" 200 1075
DEBUG | urllib3.connectionpool : _make_request | 2018-10-12 13:22:22 | https://api.ordercloud.io:443 "POST /v1/me/addresses HTTP/1.1" 201 403
INFO | panoptes.me.test_me : createMeAddress | 2018-10-12 13:22:22 | {'ID': '0eLC8o_85EyFAALFgYMsNg', 'Shipping': True, 'Billing': False, 'Editable': True, 'DateCreated': '2018-10-12T18:22:24.053+00:00', 'CompanyName': 'Carrillo PLC', 'FirstName': 'Debra', 'LastName': 'Cox', 'Street1': '963 Erik Springs', 'Street2': 'Apt. 435', 'City': 'Elijahstad', 'State': 'GA', 'Zip': '73393-3819', 'Country': 'KI', 'Phone': '(904)218-7580x008', 'AddressName': 'Versatile intermediate leverage', 'xp': {'fake': True}}
DEBUG | urllib3.connectionpool : _make_request | 2018-10-12 13:22:22 | https://api.ordercloud.io:443 "GET /v1/me/addresses HTTP/1.1" 200 1242
DEBUG | panoptes.auth : get_Token_UsernamePassword | 2018-10-12 13:22:22 | {'client_id': '1AA9B54E-B31D-48E6-94E2-7454208D82E0', 'grant_type': 'password', 'username': 'hgomez', 'password': 'W5TKMCsq1wQq', 'Scope': 'Shopper MeAdmin MeAddressAdmin'}
DEBUG | urllib3.connectionpool : _new_conn | 2018-10-12 13:22:22 | Starting new HTTPS connection (1): auth.ordercloud.io:443
DEBUG | urllib3.connectionpool : _make_request | 2018-10-12 13:22:23 | https://auth.ordercloud.io:443 "POST /oauth/token HTTP/1.1" 200 558
DEBUG | panoptes.auth : get_Token_UsernamePassword | 2018-10-12 13:22:23 | {
  "access_token": "eyJ0eXAiOiJKV1QiLCJhbGciOiJIUzI1NiJ9.eyJ1c3IiOiJoZ29tZXoiLCJjaWQiOiIxYWE5YjU0ZS1iMzFkLTQ4ZTYtOTRlMi03NDU0MjA4ZDgyZTAiLCJ1c3J0eXBlIjoiYnV5ZXIiLCJyb2xlIjpbIlNob3BwZXIiLCJNZUFkbWluIiwiTWVBZGRyZXNzQWRtaW4iXSwiaXNzIjoiaHR0cHM6Ly9hdXRoLm9yZGVyY2xvdWQuaW8iLCJhdWQiOiJodHRwczovL2FwaS5vcmRlcmNsb3VkLmlvIiwiZXhwIjoxNTM5NDA0NTQ0LCJuYmYiOjE1MzkzNjg1NDR9.0soV8qi6hZaxbaabf5MtCqKBTvLnH5dKDZ96EJhvv5Q",
  "token_type": "bearer",
  "expires_in": 35999
}
DEBUG | urllib3.connectionpool : _new_conn | 2018-10-12 13:22:23 | Starting new HTTPS connection (1): api.ordercloud.io:443
DEBUG | urllib3.connectionpool : _make_request | 2018-10-12 13:22:23 | https://api.ordercloud.io:443 "GET /v1/me HTTP/1.1" 200 445
DEBUG | urllib3.connectionpool : _make_request | 2018-10-12 13:22:23 | https://api.ordercloud.io:443 "GET /v1/me/addresses HTTP/1.1" 200 1242
INFO | panoptes.me.test_me : test_meAddressesDelete | 2018-10-12 13:22:23 | Deleted Address ID: q8_hSafNUEC3mOYUJTH70A
DEBUG | urllib3.connectionpool : _make_request | 2018-10-12 13:22:23 | https://api.ordercloud.io:443 "DELETE /v1/me/addresses/q8_hSafNUEC3mOYUJTH70A HTTP/1.1" 204 0
INFO | panoptes.me.test_me : deleteMeAddress | 2018-10-12 13:22:23 | 204
DEBUG | urllib3.connectionpool : _make_request | 2018-10-12 13:22:23 | https://api.ordercloud.io:443 "GET /v1/me/addresses HTTP/1.1" 200 1035
DEBUG | panoptes.auth : get_Token_UsernamePassword | 2018-10-12 13:22:23 | {'client_id': '1AA9B54E-B31D-48E6-94E2-7454208D82E0', 'grant_type': 'password', 'username': 'hgomez', 'password': 'W5TKMCsq1wQq', 'Scope': 'Shopper'}
DEBUG | urllib3.connectionpool : _new_conn | 2018-10-12 13:22:23 | Starting new HTTPS connection (1): auth.ordercloud.io:443
DEBUG | urllib3.connectionpool : _make_request | 2018-10-12 13:22:24 | https://auth.ordercloud.io:443 "POST /oauth/token HTTP/1.1" 200 522
DEBUG | panoptes.auth : get_Token_UsernamePassword | 2018-10-12 13:22:24 | {
  "access_token": "eyJ0eXAiOiJKV1QiLCJhbGciOiJIUzI1NiJ9.eyJ1c3IiOiJoZ29tZXoiLCJjaWQiOiIxYWE5YjU0ZS1iMzFkLTQ4ZTYtOTRlMi03NDU0MjA4ZDgyZTAiLCJ1c3J0eXBlIjoiYnV5ZXIiLCJyb2xlIjoiU2hvcHBlciIsImlzcyI6Imh0dHBzOi8vYXV0aC5vcmRlcmNsb3VkLmlvIiwiYXVkIjoiaHR0cHM6Ly9hcGkub3JkZXJjbG91ZC5pbyIsImV4cCI6MTUzOTQwNDU0NSwibmJmIjoxNTM5MzY4NTQ1fQ.BFtBSCh2XCSIBLbuNmwCqhxnwbGLqZMLBJDpZPJEgvI",
  "token_type": "bearer",
  "expires_in": 35999
}
INFO | panoptes.me.test_me : getSessions | 2018-10-12 13:22:24 | {'User-Agent': 'python-requests/2.19.1', 'Accept-Encoding': 'gzip, deflate', 'Accept': '*/*', 'Connection': 'keep-alive', 'Authorization': 'Bearer eyJ0eXAiOiJKV1QiLCJhbGciOiJIUzI1NiJ9.eyJ1c3IiOiJoZ29tZXoiLCJjaWQiOiIxYWE5YjU0ZS1iMzFkLTQ4ZTYtOTRlMi03NDU0MjA4ZDgyZTAiLCJ1c3J0eXBlIjoiYnV5ZXIiLCJyb2xlIjoiU2hvcHBlciIsImlzcyI6Imh0dHBzOi8vYXV0aC5vcmRlcmNsb3VkLmlvIiwiYXVkIjoiaHR0cHM6Ly9hcGkub3JkZXJjbG91ZC5pbyIsImV4cCI6MTUzOTQwNDU0NSwibmJmIjoxNTM5MzY4NTQ1fQ.BFtBSCh2XCSIBLbuNmwCqhxnwbGLqZMLBJDpZPJEgvI', 'Content-Type': 'application/json', 'charset': 'UTF-8'}
DEBUG | urllib3.connectionpool : _new_conn | 2018-10-12 13:22:24 | Starting new HTTPS connection (1): api.ordercloud.io:443
DEBUG | urllib3.connectionpool : _make_request | 2018-10-12 13:22:24 | https://api.ordercloud.io:443 "GET /v1/me HTTP/1.1" 200 445
DEBUG | urllib3.connectionpool : _make_request | 2018-10-12 13:22:24 | https://api.ordercloud.io:443 "GET /v1/me/ HTTP/1.1" 200 445
INFO | panoptes.me.test_me : test_me_gets | 2018-10-12 13:22:24 | https://api.ordercloud.io/v1/me/
INFO | panoptes.me.test_me : test_me_gets | 2018-10-12 13:22:24 | 200
INFO | panoptes.me.test_me : test_me_gets | 2018-10-12 13:22:24 | 70325 microseconds
DEBUG | panoptes.auth : get_Token_UsernamePassword | 2018-10-12 13:22:24 | {'client_id': '1AA9B54E-B31D-48E6-94E2-7454208D82E0', 'grant_type': 'password', 'username': 'hgomez', 'password': 'W5TKMCsq1wQq', 'Scope': 'Shopper'}
DEBUG | urllib3.connectionpool : _new_conn | 2018-10-12 13:22:24 | Starting new HTTPS connection (1): auth.ordercloud.io:443
DEBUG | urllib3.connectionpool : _make_request | 2018-10-12 13:22:24 | https://auth.ordercloud.io:443 "POST /oauth/token HTTP/1.1" 200 524
DEBUG | panoptes.auth : get_Token_UsernamePassword | 2018-10-12 13:22:24 | {
  "access_token": "eyJ0eXAiOiJKV1QiLCJhbGciOiJIUzI1NiJ9.eyJ1c3IiOiJoZ29tZXoiLCJjaWQiOiIxYWE5YjU0ZS1iMzFkLTQ4ZTYtOTRlMi03NDU0MjA4ZDgyZTAiLCJ1c3J0eXBlIjoiYnV5ZXIiLCJyb2xlIjoiU2hvcHBlciIsImlzcyI6Imh0dHBzOi8vYXV0aC5vcmRlcmNsb3VkLmlvIiwiYXVkIjoiaHR0cHM6Ly9hcGkub3JkZXJjbG91ZC5pbyIsImV4cCI6MTUzOTQwNDU0NiwibmJmIjoxNTM5MzY4NTQ2fQ.6I-m8Ww82NZbb7P8GXigxZJqaHvB96zsMV_UeFJ073Y",
  "token_type": "bearer",
  "expires_in": 35999
}
INFO | panoptes.me.test_me : getSessions | 2018-10-12 13:22:24 | {'User-Agent': 'python-requests/2.19.1', 'Accept-Encoding': 'gzip, deflate', 'Accept': '*/*', 'Connection': 'keep-alive', 'Authorization': 'Bearer eyJ0eXAiOiJKV1QiLCJhbGciOiJIUzI1NiJ9.eyJ1c3IiOiJoZ29tZXoiLCJjaWQiOiIxYWE5YjU0ZS1iMzFkLTQ4ZTYtOTRlMi03NDU0MjA4ZDgyZTAiLCJ1c3J0eXBlIjoiYnV5ZXIiLCJyb2xlIjoiU2hvcHBlciIsImlzcyI6Imh0dHBzOi8vYXV0aC5vcmRlcmNsb3VkLmlvIiwiYXVkIjoiaHR0cHM6Ly9hcGkub3JkZXJjbG91ZC5pbyIsImV4cCI6MTUzOTQwNDU0NiwibmJmIjoxNTM5MzY4NTQ2fQ.6I-m8Ww82NZbb7P8GXigxZJqaHvB96zsMV_UeFJ073Y', 'Content-Type': 'application/json', 'charset': 'UTF-8'}
DEBUG | urllib3.connectionpool : _new_conn | 2018-10-12 13:22:24 | Starting new HTTPS connection (1): api.ordercloud.io:443
DEBUG | urllib3.connectionpool : _make_request | 2018-10-12 13:22:25 | https://api.ordercloud.io:443 "GET /v1/me HTTP/1.1" 200 445
DEBUG | urllib3.connectionpool : _make_request | 2018-10-12 13:22:25 | https://api.ordercloud.io:443 "GET /v1/me/products HTTP/1.1" 200 4688
INFO | panoptes.me.test_me : test_me_gets | 2018-10-12 13:22:25 | https://api.ordercloud.io/v1/me/products
INFO | panoptes.me.test_me : test_me_gets | 2018-10-12 13:22:25 | 200
INFO | panoptes.me.test_me : test_me_gets | 2018-10-12 13:22:25 | 98483 microseconds
INFO | panoptes.me.test_me : test_me_gets | 2018-10-12 13:22:25 | 266
DEBUG | panoptes.auth : get_Token_UsernamePassword | 2018-10-12 13:22:25 | {'client_id': '1AA9B54E-B31D-48E6-94E2-7454208D82E0', 'grant_type': 'password', 'username': 'hgomez', 'password': 'W5TKMCsq1wQq', 'Scope': 'Shopper'}
DEBUG | urllib3.connectionpool : _new_conn | 2018-10-12 13:22:25 | Starting new HTTPS connection (1): auth.ordercloud.io:443
DEBUG | urllib3.connectionpool : _make_request | 2018-10-12 13:22:25 | https://auth.ordercloud.io:443 "POST /oauth/token HTTP/1.1" 200 524
DEBUG | panoptes.auth : get_Token_UsernamePassword | 2018-10-12 13:22:25 | {
  "access_token": "eyJ0eXAiOiJKV1QiLCJhbGciOiJIUzI1NiJ9.eyJ1c3IiOiJoZ29tZXoiLCJjaWQiOiIxYWE5YjU0ZS1iMzFkLTQ4ZTYtOTRlMi03NDU0MjA4ZDgyZTAiLCJ1c3J0eXBlIjoiYnV5ZXIiLCJyb2xlIjoiU2hvcHBlciIsImlzcyI6Imh0dHBzOi8vYXV0aC5vcmRlcmNsb3VkLmlvIiwiYXVkIjoiaHR0cHM6Ly9hcGkub3JkZXJjbG91ZC5pbyIsImV4cCI6MTUzOTQwNDU0NiwibmJmIjoxNTM5MzY4NTQ2fQ.6I-m8Ww82NZbb7P8GXigxZJqaHvB96zsMV_UeFJ073Y",
  "token_type": "bearer",
  "expires_in": 35999
}
INFO | panoptes.me.test_me : getSessions | 2018-10-12 13:22:25 | {'User-Agent': 'python-requests/2.19.1', 'Accept-Encoding': 'gzip, deflate', 'Accept': '*/*', 'Connection': 'keep-alive', 'Authorization': 'Bearer eyJ0eXAiOiJKV1QiLCJhbGciOiJIUzI1NiJ9.eyJ1c3IiOiJoZ29tZXoiLCJjaWQiOiIxYWE5YjU0ZS1iMzFkLTQ4ZTYtOTRlMi03NDU0MjA4ZDgyZTAiLCJ1c3J0eXBlIjoiYnV5ZXIiLCJyb2xlIjoiU2hvcHBlciIsImlzcyI6Imh0dHBzOi8vYXV0aC5vcmRlcmNsb3VkLmlvIiwiYXVkIjoiaHR0cHM6Ly9hcGkub3JkZXJjbG91ZC5pbyIsImV4cCI6MTUzOTQwNDU0NiwibmJmIjoxNTM5MzY4NTQ2fQ.6I-m8Ww82NZbb7P8GXigxZJqaHvB96zsMV_UeFJ073Y', 'Content-Type': 'application/json', 'charset': 'UTF-8'}
DEBUG | urllib3.connectionpool : _new_conn | 2018-10-12 13:22:25 | Starting new HTTPS connection (1): api.ordercloud.io:443
DEBUG | urllib3.connectionpool : _make_request | 2018-10-12 13:22:25 | https://api.ordercloud.io:443 "GET /v1/me HTTP/1.1" 200 445
DEBUG | urllib3.connectionpool : _make_request | 2018-10-12 13:22:25 | https://api.ordercloud.io:443 "GET /v1/me/costcenters HTTP/1.1" 200 189
INFO | panoptes.me.test_me : test_me_gets | 2018-10-12 13:22:25 | https://api.ordercloud.io/v1/me/costcenters
INFO | panoptes.me.test_me : test_me_gets | 2018-10-12 13:22:25 | 200
INFO | panoptes.me.test_me : test_me_gets | 2018-10-12 13:22:25 | 68401 microseconds
INFO | panoptes.me.test_me : test_me_gets | 2018-10-12 13:22:25 | 0
DEBUG | panoptes.auth : get_Token_UsernamePassword | 2018-10-12 13:22:25 | {'client_id': '1AA9B54E-B31D-48E6-94E2-7454208D82E0', 'grant_type': 'password', 'username': 'hgomez', 'password': 'W5TKMCsq1wQq', 'Scope': 'Shopper'}
DEBUG | urllib3.connectionpool : _new_conn | 2018-10-12 13:22:25 | Starting new HTTPS connection (1): auth.ordercloud.io:443
DEBUG | urllib3.connectionpool : _make_request | 2018-10-12 13:22:26 | https://auth.ordercloud.io:443 "POST /oauth/token HTTP/1.1" 200 527
DEBUG | panoptes.auth : get_Token_UsernamePassword | 2018-10-12 13:22:26 | {
  "access_token": "eyJ0eXAiOiJKV1QiLCJhbGciOiJIUzI1NiJ9.eyJ1c3IiOiJoZ29tZXoiLCJjaWQiOiIxYWE5YjU0ZS1iMzFkLTQ4ZTYtOTRlMi03NDU0MjA4ZDgyZTAiLCJ1c3J0eXBlIjoiYnV5ZXIiLCJyb2xlIjoiU2hvcHBlciIsImlzcyI6Imh0dHBzOi8vYXV0aC5vcmRlcmNsb3VkLmlvIiwiYXVkIjoiaHR0cHM6Ly9hcGkub3JkZXJjbG91ZC5pbyIsImV4cCI6MTUzOTQwNDU0NywibmJmIjoxNTM5MzY4NTQ3fQ.3dd3_XCOJbKvhMK-U7BzRkAFgZK0ONWGX5Lhq1R06kM",
  "token_type": "bearer",
  "expires_in": 35999
}
INFO | panoptes.me.test_me : getSessions | 2018-10-12 13:22:26 | {'User-Agent': 'python-requests/2.19.1', 'Accept-Encoding': 'gzip, deflate', 'Accept': '*/*', 'Connection': 'keep-alive', 'Authorization': 'Bearer eyJ0eXAiOiJKV1QiLCJhbGciOiJIUzI1NiJ9.eyJ1c3IiOiJoZ29tZXoiLCJjaWQiOiIxYWE5YjU0ZS1iMzFkLTQ4ZTYtOTRlMi03NDU0MjA4ZDgyZTAiLCJ1c3J0eXBlIjoiYnV5ZXIiLCJyb2xlIjoiU2hvcHBlciIsImlzcyI6Imh0dHBzOi8vYXV0aC5vcmRlcmNsb3VkLmlvIiwiYXVkIjoiaHR0cHM6Ly9hcGkub3JkZXJjbG91ZC5pbyIsImV4cCI6MTUzOTQwNDU0NywibmJmIjoxNTM5MzY4NTQ3fQ.3dd3_XCOJbKvhMK-U7BzRkAFgZK0ONWGX5Lhq1R06kM', 'Content-Type': 'application/json', 'charset': 'UTF-8'}
DEBUG | urllib3.connectionpool : _new_conn | 2018-10-12 13:22:26 | Starting new HTTPS connection (1): api.ordercloud.io:443
DEBUG | urllib3.connectionpool : _make_request | 2018-10-12 13:22:26 | https://api.ordercloud.io:443 "GET /v1/me HTTP/1.1" 200 445
DEBUG | urllib3.connectionpool : _make_request | 2018-10-12 13:22:26 | https://api.ordercloud.io:443 "GET /v1/me/usergroups HTTP/1.1" 200 189
INFO | panoptes.me.test_me : test_me_gets | 2018-10-12 13:22:26 | https://api.ordercloud.io/v1/me/usergroups
INFO | panoptes.me.test_me : test_me_gets | 2018-10-12 13:22:26 | 200
INFO | panoptes.me.test_me : test_me_gets | 2018-10-12 13:22:26 | 63449 microseconds
INFO | panoptes.me.test_me : test_me_gets | 2018-10-12 13:22:26 | 0
DEBUG | panoptes.auth : get_Token_UsernamePassword | 2018-10-12 13:22:26 | {'client_id': '1AA9B54E-B31D-48E6-94E2-7454208D82E0', 'grant_type': 'password', 'username': 'hgomez', 'password': 'W5TKMCsq1wQq', 'Scope': 'Shopper'}
DEBUG | urllib3.connectionpool : _new_conn | 2018-10-12 13:22:26 | Starting new HTTPS connection (1): auth.ordercloud.io:443
DEBUG | urllib3.connectionpool : _make_request | 2018-10-12 13:22:26 | https://auth.ordercloud.io:443 "POST /oauth/token HTTP/1.1" 200 527
DEBUG | panoptes.auth : get_Token_UsernamePassword | 2018-10-12 13:22:26 | {
  "access_token": "eyJ0eXAiOiJKV1QiLCJhbGciOiJIUzI1NiJ9.eyJ1c3IiOiJoZ29tZXoiLCJjaWQiOiIxYWE5YjU0ZS1iMzFkLTQ4ZTYtOTRlMi03NDU0MjA4ZDgyZTAiLCJ1c3J0eXBlIjoiYnV5ZXIiLCJyb2xlIjoiU2hvcHBlciIsImlzcyI6Imh0dHBzOi8vYXV0aC5vcmRlcmNsb3VkLmlvIiwiYXVkIjoiaHR0cHM6Ly9hcGkub3JkZXJjbG91ZC5pbyIsImV4cCI6MTUzOTQwNDU0NywibmJmIjoxNTM5MzY4NTQ3fQ.3dd3_XCOJbKvhMK-U7BzRkAFgZK0ONWGX5Lhq1R06kM",
  "token_type": "bearer",
  "expires_in": 35999
}
INFO | panoptes.me.test_me : getSessions | 2018-10-12 13:22:26 | {'User-Agent': 'python-requests/2.19.1', 'Accept-Encoding': 'gzip, deflate', 'Accept': '*/*', 'Connection': 'keep-alive', 'Authorization': 'Bearer eyJ0eXAiOiJKV1QiLCJhbGciOiJIUzI1NiJ9.eyJ1c3IiOiJoZ29tZXoiLCJjaWQiOiIxYWE5YjU0ZS1iMzFkLTQ4ZTYtOTRlMi03NDU0MjA4ZDgyZTAiLCJ1c3J0eXBlIjoiYnV5ZXIiLCJyb2xlIjoiU2hvcHBlciIsImlzcyI6Imh0dHBzOi8vYXV0aC5vcmRlcmNsb3VkLmlvIiwiYXVkIjoiaHR0cHM6Ly9hcGkub3JkZXJjbG91ZC5pbyIsImV4cCI6MTUzOTQwNDU0NywibmJmIjoxNTM5MzY4NTQ3fQ.3dd3_XCOJbKvhMK-U7BzRkAFgZK0ONWGX5Lhq1R06kM', 'Content-Type': 'application/json', 'charset': 'UTF-8'}
DEBUG | urllib3.connectionpool : _new_conn | 2018-10-12 13:22:26 | Starting new HTTPS connection (1): api.ordercloud.io:443
DEBUG | urllib3.connectionpool : _make_request | 2018-10-12 13:22:27 | https://api.ordercloud.io:443 "GET /v1/me HTTP/1.1" 200 445
DEBUG | urllib3.connectionpool : _make_request | 2018-10-12 13:22:27 | https://api.ordercloud.io:443 "GET /v1/me/addresses HTTP/1.1" 200 1035
INFO | panoptes.me.test_me : test_me_gets | 2018-10-12 13:22:27 | https://api.ordercloud.io/v1/me/addresses
INFO | panoptes.me.test_me : test_me_gets | 2018-10-12 13:22:27 | 200
INFO | panoptes.me.test_me : test_me_gets | 2018-10-12 13:22:27 | 73133 microseconds
INFO | panoptes.me.test_me : test_me_gets | 2018-10-12 13:22:27 | 4
DEBUG | panoptes.auth : get_Token_UsernamePassword | 2018-10-12 13:22:27 | {'client_id': '1AA9B54E-B31D-48E6-94E2-7454208D82E0', 'grant_type': 'password', 'username': 'hgomez', 'password': 'W5TKMCsq1wQq', 'Scope': 'Shopper'}
DEBUG | urllib3.connectionpool : _new_conn | 2018-10-12 13:22:27 | Starting new HTTPS connection (1): auth.ordercloud.io:443
DEBUG | urllib3.connectionpool : _make_request | 2018-10-12 13:22:27 | https://auth.ordercloud.io:443 "POST /oauth/token HTTP/1.1" 200 522
DEBUG | panoptes.auth : get_Token_UsernamePassword | 2018-10-12 13:22:27 | {
  "access_token": "eyJ0eXAiOiJKV1QiLCJhbGciOiJIUzI1NiJ9.eyJ1c3IiOiJoZ29tZXoiLCJjaWQiOiIxYWE5YjU0ZS1iMzFkLTQ4ZTYtOTRlMi03NDU0MjA4ZDgyZTAiLCJ1c3J0eXBlIjoiYnV5ZXIiLCJyb2xlIjoiU2hvcHBlciIsImlzcyI6Imh0dHBzOi8vYXV0aC5vcmRlcmNsb3VkLmlvIiwiYXVkIjoiaHR0cHM6Ly9hcGkub3JkZXJjbG91ZC5pbyIsImV4cCI6MTUzOTQwNDU0OCwibmJmIjoxNTM5MzY4NTQ4fQ.c04SBfTWOAelEx2ALM6XgP_gaQTZlHF5HfQYh8x4_14",
  "token_type": "bearer",
  "expires_in": 35999
}
INFO | panoptes.me.test_me : getSessions | 2018-10-12 13:22:27 | {'User-Agent': 'python-requests/2.19.1', 'Accept-Encoding': 'gzip, deflate', 'Accept': '*/*', 'Connection': 'keep-alive', 'Authorization': 'Bearer eyJ0eXAiOiJKV1QiLCJhbGciOiJIUzI1NiJ9.eyJ1c3IiOiJoZ29tZXoiLCJjaWQiOiIxYWE5YjU0ZS1iMzFkLTQ4ZTYtOTRlMi03NDU0MjA4ZDgyZTAiLCJ1c3J0eXBlIjoiYnV5ZXIiLCJyb2xlIjoiU2hvcHBlciIsImlzcyI6Imh0dHBzOi8vYXV0aC5vcmRlcmNsb3VkLmlvIiwiYXVkIjoiaHR0cHM6Ly9hcGkub3JkZXJjbG91ZC5pbyIsImV4cCI6MTUzOTQwNDU0OCwibmJmIjoxNTM5MzY4NTQ4fQ.c04SBfTWOAelEx2ALM6XgP_gaQTZlHF5HfQYh8x4_14', 'Content-Type': 'application/json', 'charset': 'UTF-8'}
DEBUG | urllib3.connectionpool : _new_conn | 2018-10-12 13:22:27 | Starting new HTTPS connection (1): api.ordercloud.io:443
DEBUG | urllib3.connectionpool : _make_request | 2018-10-12 13:22:27 | https://api.ordercloud.io:443 "GET /v1/me HTTP/1.1" 200 445
DEBUG | urllib3.connectionpool : _make_request | 2018-10-12 13:22:27 | https://api.ordercloud.io:443 "GET /v1/me/creditcards HTTP/1.1" 200 390
INFO | panoptes.me.test_me : test_me_gets | 2018-10-12 13:22:27 | https://api.ordercloud.io/v1/me/creditcards
INFO | panoptes.me.test_me : test_me_gets | 2018-10-12 13:22:27 | 200
INFO | panoptes.me.test_me : test_me_gets | 2018-10-12 13:22:27 | 69507 microseconds
INFO | panoptes.me.test_me : test_me_gets | 2018-10-12 13:22:27 | 1
DEBUG | panoptes.auth : get_Token_UsernamePassword | 2018-10-12 13:22:27 | {'client_id': '1AA9B54E-B31D-48E6-94E2-7454208D82E0', 'grant_type': 'password', 'username': 'hgomez', 'password': 'W5TKMCsq1wQq', 'Scope': 'Shopper'}
DEBUG | urllib3.connectionpool : _new_conn | 2018-10-12 13:22:27 | Starting new HTTPS connection (1): auth.ordercloud.io:443
DEBUG | urllib3.connectionpool : _make_request | 2018-10-12 13:22:28 | https://auth.ordercloud.io:443 "POST /oauth/token HTTP/1.1" 200 520
DEBUG | panoptes.auth : get_Token_UsernamePassword | 2018-10-12 13:22:28 | {
  "access_token": "eyJ0eXAiOiJKV1QiLCJhbGciOiJIUzI1NiJ9.eyJ1c3IiOiJoZ29tZXoiLCJjaWQiOiIxYWE5YjU0ZS1iMzFkLTQ4ZTYtOTRlMi03NDU0MjA4ZDgyZTAiLCJ1c3J0eXBlIjoiYnV5ZXIiLCJyb2xlIjoiU2hvcHBlciIsImlzcyI6Imh0dHBzOi8vYXV0aC5vcmRlcmNsb3VkLmlvIiwiYXVkIjoiaHR0cHM6Ly9hcGkub3JkZXJjbG91ZC5pbyIsImV4cCI6MTUzOTQwNDU0OSwibmJmIjoxNTM5MzY4NTQ5fQ.ng5T742l-jnaaQB4X0CFZECyha1Sie1FfMdgeHDAmJw",
  "token_type": "bearer",
  "expires_in": 35999
}
INFO | panoptes.me.test_me : getSessions | 2018-10-12 13:22:28 | {'User-Agent': 'python-requests/2.19.1', 'Accept-Encoding': 'gzip, deflate', 'Accept': '*/*', 'Connection': 'keep-alive', 'Authorization': 'Bearer eyJ0eXAiOiJKV1QiLCJhbGciOiJIUzI1NiJ9.eyJ1c3IiOiJoZ29tZXoiLCJjaWQiOiIxYWE5YjU0ZS1iMzFkLTQ4ZTYtOTRlMi03NDU0MjA4ZDgyZTAiLCJ1c3J0eXBlIjoiYnV5ZXIiLCJyb2xlIjoiU2hvcHBlciIsImlzcyI6Imh0dHBzOi8vYXV0aC5vcmRlcmNsb3VkLmlvIiwiYXVkIjoiaHR0cHM6Ly9hcGkub3JkZXJjbG91ZC5pbyIsImV4cCI6MTUzOTQwNDU0OSwibmJmIjoxNTM5MzY4NTQ5fQ.ng5T742l-jnaaQB4X0CFZECyha1Sie1FfMdgeHDAmJw', 'Content-Type': 'application/json', 'charset': 'UTF-8'}
DEBUG | urllib3.connectionpool : _new_conn | 2018-10-12 13:22:28 | Starting new HTTPS connection (1): api.ordercloud.io:443
DEBUG | urllib3.connectionpool : _make_request | 2018-10-12 13:22:28 | https://api.ordercloud.io:443 "GET /v1/me HTTP/1.1" 200 445
DEBUG | urllib3.connectionpool : _make_request | 2018-10-12 13:22:28 | https://api.ordercloud.io:443 "GET /v1/me/categories HTTP/1.1" 200 3264
INFO | panoptes.me.test_me : test_me_gets | 2018-10-12 13:22:28 | https://api.ordercloud.io/v1/me/categories
INFO | panoptes.me.test_me : test_me_gets | 2018-10-12 13:22:28 | 200
INFO | panoptes.me.test_me : test_me_gets | 2018-10-12 13:22:28 | 89613 microseconds
INFO | panoptes.me.test_me : test_me_gets | 2018-10-12 13:22:28 | 65
DEBUG | panoptes.auth : get_Token_UsernamePassword | 2018-10-12 13:22:28 | {'client_id': '1AA9B54E-B31D-48E6-94E2-7454208D82E0', 'grant_type': 'password', 'username': 'hgomez', 'password': 'W5TKMCsq1wQq', 'Scope': 'Shopper'}
DEBUG | urllib3.connectionpool : _new_conn | 2018-10-12 13:22:28 | Starting new HTTPS connection (1): auth.ordercloud.io:443
DEBUG | urllib3.connectionpool : _make_request | 2018-10-12 13:22:28 | https://auth.ordercloud.io:443 "POST /oauth/token HTTP/1.1" 200 520
DEBUG | panoptes.auth : get_Token_UsernamePassword | 2018-10-12 13:22:28 | {
  "access_token": "eyJ0eXAiOiJKV1QiLCJhbGciOiJIUzI1NiJ9.eyJ1c3IiOiJoZ29tZXoiLCJjaWQiOiIxYWE5YjU0ZS1iMzFkLTQ4ZTYtOTRlMi03NDU0MjA4ZDgyZTAiLCJ1c3J0eXBlIjoiYnV5ZXIiLCJyb2xlIjoiU2hvcHBlciIsImlzcyI6Imh0dHBzOi8vYXV0aC5vcmRlcmNsb3VkLmlvIiwiYXVkIjoiaHR0cHM6Ly9hcGkub3JkZXJjbG91ZC5pbyIsImV4cCI6MTUzOTQwNDU0OSwibmJmIjoxNTM5MzY4NTQ5fQ.ng5T742l-jnaaQB4X0CFZECyha1Sie1FfMdgeHDAmJw",
  "token_type": "bearer",
  "expires_in": 35999
}
INFO | panoptes.me.test_me : getSessions | 2018-10-12 13:22:28 | {'User-Agent': 'python-requests/2.19.1', 'Accept-Encoding': 'gzip, deflate', 'Accept': '*/*', 'Connection': 'keep-alive', 'Authorization': 'Bearer eyJ0eXAiOiJKV1QiLCJhbGciOiJIUzI1NiJ9.eyJ1c3IiOiJoZ29tZXoiLCJjaWQiOiIxYWE5YjU0ZS1iMzFkLTQ4ZTYtOTRlMi03NDU0MjA4ZDgyZTAiLCJ1c3J0eXBlIjoiYnV5ZXIiLCJyb2xlIjoiU2hvcHBlciIsImlzcyI6Imh0dHBzOi8vYXV0aC5vcmRlcmNsb3VkLmlvIiwiYXVkIjoiaHR0cHM6Ly9hcGkub3JkZXJjbG91ZC5pbyIsImV4cCI6MTUzOTQwNDU0OSwibmJmIjoxNTM5MzY4NTQ5fQ.ng5T742l-jnaaQB4X0CFZECyha1Sie1FfMdgeHDAmJw', 'Content-Type': 'application/json', 'charset': 'UTF-8'}
DEBUG | urllib3.connectionpool : _new_conn | 2018-10-12 13:22:28 | Starting new HTTPS connection (1): api.ordercloud.io:443
DEBUG | urllib3.connectionpool : _make_request | 2018-10-12 13:22:28 | https://api.ordercloud.io:443 "GET /v1/me HTTP/1.1" 200 445
DEBUG | urllib3.connectionpool : _make_request | 2018-10-12 13:22:29 | https://api.ordercloud.io:443 "GET /v1/me/orders HTTP/1.1" 200 189
INFO | panoptes.me.test_me : test_me_gets | 2018-10-12 13:22:29 | https://api.ordercloud.io/v1/me/orders
INFO | panoptes.me.test_me : test_me_gets | 2018-10-12 13:22:29 | 200
INFO | panoptes.me.test_me : test_me_gets | 2018-10-12 13:22:29 | 66296 microseconds
INFO | panoptes.me.test_me : test_me_gets | 2018-10-12 13:22:29 | 0
DEBUG | panoptes.auth : get_Token_UsernamePassword | 2018-10-12 13:22:29 | {'client_id': '1AA9B54E-B31D-48E6-94E2-7454208D82E0', 'grant_type': 'password', 'username': 'hgomez', 'password': 'W5TKMCsq1wQq', 'Scope': 'Shopper'}
DEBUG | urllib3.connectionpool : _new_conn | 2018-10-12 13:22:29 | Starting new HTTPS connection (1): auth.ordercloud.io:443
DEBUG | urllib3.connectionpool : _make_request | 2018-10-12 13:22:29 | https://auth.ordercloud.io:443 "POST /oauth/token HTTP/1.1" 200 526
DEBUG | panoptes.auth : get_Token_UsernamePassword | 2018-10-12 13:22:29 | {
  "access_token": "eyJ0eXAiOiJKV1QiLCJhbGciOiJIUzI1NiJ9.eyJ1c3IiOiJoZ29tZXoiLCJjaWQiOiIxYWE5YjU0ZS1iMzFkLTQ4ZTYtOTRlMi03NDU0MjA4ZDgyZTAiLCJ1c3J0eXBlIjoiYnV5ZXIiLCJyb2xlIjoiU2hvcHBlciIsImlzcyI6Imh0dHBzOi8vYXV0aC5vcmRlcmNsb3VkLmlvIiwiYXVkIjoiaHR0cHM6Ly9hcGkub3JkZXJjbG91ZC5pbyIsImV4cCI6MTUzOTQwNDU1MCwibmJmIjoxNTM5MzY4NTUwfQ.jV62FJRepAxvUk_XQKvQc0_b66qsj8ajJLavadU9i08",
  "token_type": "bearer",
  "expires_in": 35999
}
INFO | panoptes.me.test_me : getSessions | 2018-10-12 13:22:29 | {'User-Agent': 'python-requests/2.19.1', 'Accept-Encoding': 'gzip, deflate', 'Accept': '*/*', 'Connection': 'keep-alive', 'Authorization': 'Bearer eyJ0eXAiOiJKV1QiLCJhbGciOiJIUzI1NiJ9.eyJ1c3IiOiJoZ29tZXoiLCJjaWQiOiIxYWE5YjU0ZS1iMzFkLTQ4ZTYtOTRlMi03NDU0MjA4ZDgyZTAiLCJ1c3J0eXBlIjoiYnV5ZXIiLCJyb2xlIjoiU2hvcHBlciIsImlzcyI6Imh0dHBzOi8vYXV0aC5vcmRlcmNsb3VkLmlvIiwiYXVkIjoiaHR0cHM6Ly9hcGkub3JkZXJjbG91ZC5pbyIsImV4cCI6MTUzOTQwNDU1MCwibmJmIjoxNTM5MzY4NTUwfQ.jV62FJRepAxvUk_XQKvQc0_b66qsj8ajJLavadU9i08', 'Content-Type': 'application/json', 'charset': 'UTF-8'}
DEBUG | urllib3.connectionpool : _new_conn | 2018-10-12 13:22:29 | Starting new HTTPS connection (1): api.ordercloud.io:443
DEBUG | urllib3.connectionpool : _make_request | 2018-10-12 13:22:29 | https://api.ordercloud.io:443 "GET /v1/me HTTP/1.1" 200 445
DEBUG | urllib3.connectionpool : _make_request | 2018-10-12 13:22:29 | https://api.ordercloud.io:443 "GET /v1/me/promotions HTTP/1.1" 200 189
INFO | panoptes.me.test_me : test_me_gets | 2018-10-12 13:22:29 | https://api.ordercloud.io/v1/me/promotions
INFO | panoptes.me.test_me : test_me_gets | 2018-10-12 13:22:29 | 200
INFO | panoptes.me.test_me : test_me_gets | 2018-10-12 13:22:29 | 70161 microseconds
INFO | panoptes.me.test_me : test_me_gets | 2018-10-12 13:22:29 | 0
DEBUG | panoptes.auth : get_Token_UsernamePassword | 2018-10-12 13:22:29 | {'client_id': '1AA9B54E-B31D-48E6-94E2-7454208D82E0', 'grant_type': 'password', 'username': 'hgomez', 'password': 'W5TKMCsq1wQq', 'Scope': 'Shopper'}
DEBUG | urllib3.connectionpool : _new_conn | 2018-10-12 13:22:29 | Starting new HTTPS connection (1): auth.ordercloud.io:443
DEBUG | urllib3.connectionpool : _make_request | 2018-10-12 13:22:29 | https://auth.ordercloud.io:443 "POST /oauth/token HTTP/1.1" 200 524
DEBUG | panoptes.auth : get_Token_UsernamePassword | 2018-10-12 13:22:30 | {
  "access_token": "eyJ0eXAiOiJKV1QiLCJhbGciOiJIUzI1NiJ9.eyJ1c3IiOiJoZ29tZXoiLCJjaWQiOiIxYWE5YjU0ZS1iMzFkLTQ4ZTYtOTRlMi03NDU0MjA4ZDgyZTAiLCJ1c3J0eXBlIjoiYnV5ZXIiLCJyb2xlIjoiU2hvcHBlciIsImlzcyI6Imh0dHBzOi8vYXV0aC5vcmRlcmNsb3VkLmlvIiwiYXVkIjoiaHR0cHM6Ly9hcGkub3JkZXJjbG91ZC5pbyIsImV4cCI6MTUzOTQwNDU1MSwibmJmIjoxNTM5MzY4NTUxfQ.yTZwvvZwk9yDeUu0acwfv_lxLXCqO3kF6zHZw1kR9Ek",
  "token_type": "bearer",
  "expires_in": 35999
}
INFO | panoptes.me.test_me : getSessions | 2018-10-12 13:22:30 | {'User-Agent': 'python-requests/2.19.1', 'Accept-Encoding': 'gzip, deflate', 'Accept': '*/*', 'Connection': 'keep-alive', 'Authorization': 'Bearer eyJ0eXAiOiJKV1QiLCJhbGciOiJIUzI1NiJ9.eyJ1c3IiOiJoZ29tZXoiLCJjaWQiOiIxYWE5YjU0ZS1iMzFkLTQ4ZTYtOTRlMi03NDU0MjA4ZDgyZTAiLCJ1c3J0eXBlIjoiYnV5ZXIiLCJyb2xlIjoiU2hvcHBlciIsImlzcyI6Imh0dHBzOi8vYXV0aC5vcmRlcmNsb3VkLmlvIiwiYXVkIjoiaHR0cHM6Ly9hcGkub3JkZXJjbG91ZC5pbyIsImV4cCI6MTUzOTQwNDU1MSwibmJmIjoxNTM5MzY4NTUxfQ.yTZwvvZwk9yDeUu0acwfv_lxLXCqO3kF6zHZw1kR9Ek', 'Content-Type': 'application/json', 'charset': 'UTF-8'}
DEBUG | urllib3.connectionpool : _new_conn | 2018-10-12 13:22:30 | Starting new HTTPS connection (1): api.ordercloud.io:443
DEBUG | urllib3.connectionpool : _make_request | 2018-10-12 13:22:30 | https://api.ordercloud.io:443 "GET /v1/me HTTP/1.1" 200 445
DEBUG | urllib3.connectionpool : _make_request | 2018-10-12 13:22:30 | https://api.ordercloud.io:443 "GET /v1/me/spendingAccounts HTTP/1.1" 200 189
INFO | panoptes.me.test_me : test_me_gets | 2018-10-12 13:22:30 | https://api.ordercloud.io/v1/me/spendingAccounts
INFO | panoptes.me.test_me : test_me_gets | 2018-10-12 13:22:30 | 200
INFO | panoptes.me.test_me : test_me_gets | 2018-10-12 13:22:30 | 64550 microseconds
INFO | panoptes.me.test_me : test_me_gets | 2018-10-12 13:22:30 | 0
DEBUG | panoptes.auth : get_Token_UsernamePassword | 2018-10-12 13:22:30 | {'client_id': '1AA9B54E-B31D-48E6-94E2-7454208D82E0', 'grant_type': 'password', 'username': 'hgomez', 'password': 'W5TKMCsq1wQq', 'Scope': 'Shopper'}
DEBUG | urllib3.connectionpool : _new_conn | 2018-10-12 13:22:30 | Starting new HTTPS connection (1): auth.ordercloud.io:443
DEBUG | urllib3.connectionpool : _make_request | 2018-10-12 13:22:30 | https://auth.ordercloud.io:443 "POST /oauth/token HTTP/1.1" 200 524
DEBUG | panoptes.auth : get_Token_UsernamePassword | 2018-10-12 13:22:30 | {
  "access_token": "eyJ0eXAiOiJKV1QiLCJhbGciOiJIUzI1NiJ9.eyJ1c3IiOiJoZ29tZXoiLCJjaWQiOiIxYWE5YjU0ZS1iMzFkLTQ4ZTYtOTRlMi03NDU0MjA4ZDgyZTAiLCJ1c3J0eXBlIjoiYnV5ZXIiLCJyb2xlIjoiU2hvcHBlciIsImlzcyI6Imh0dHBzOi8vYXV0aC5vcmRlcmNsb3VkLmlvIiwiYXVkIjoiaHR0cHM6Ly9hcGkub3JkZXJjbG91ZC5pbyIsImV4cCI6MTUzOTQwNDU1MSwibmJmIjoxNTM5MzY4NTUxfQ.yTZwvvZwk9yDeUu0acwfv_lxLXCqO3kF6zHZw1kR9Ek",
  "token_type": "bearer",
  "expires_in": 35999
}
INFO | panoptes.me.test_me : getSessions | 2018-10-12 13:22:30 | {'User-Agent': 'python-requests/2.19.1', 'Accept-Encoding': 'gzip, deflate', 'Accept': '*/*', 'Connection': 'keep-alive', 'Authorization': 'Bearer eyJ0eXAiOiJKV1QiLCJhbGciOiJIUzI1NiJ9.eyJ1c3IiOiJoZ29tZXoiLCJjaWQiOiIxYWE5YjU0ZS1iMzFkLTQ4ZTYtOTRlMi03NDU0MjA4ZDgyZTAiLCJ1c3J0eXBlIjoiYnV5ZXIiLCJyb2xlIjoiU2hvcHBlciIsImlzcyI6Imh0dHBzOi8vYXV0aC5vcmRlcmNsb3VkLmlvIiwiYXVkIjoiaHR0cHM6Ly9hcGkub3JkZXJjbG91ZC5pbyIsImV4cCI6MTUzOTQwNDU1MSwibmJmIjoxNTM5MzY4NTUxfQ.yTZwvvZwk9yDeUu0acwfv_lxLXCqO3kF6zHZw1kR9Ek', 'Content-Type': 'application/json', 'charset': 'UTF-8'}
DEBUG | urllib3.connectionpool : _new_conn | 2018-10-12 13:22:30 | Starting new HTTPS connection (1): api.ordercloud.io:443
DEBUG | urllib3.connectionpool : _make_request | 2018-10-12 13:22:30 | https://api.ordercloud.io:443 "GET /v1/me HTTP/1.1" 200 445
DEBUG | urllib3.connectionpool : _make_request | 2018-10-12 13:22:31 | https://api.ordercloud.io:443 "GET /v1/me/shipments HTTP/1.1" 200 189
INFO | panoptes.me.test_me : test_me_gets | 2018-10-12 13:22:31 | https://api.ordercloud.io/v1/me/shipments
INFO | panoptes.me.test_me : test_me_gets | 2018-10-12 13:22:31 | 200
INFO | panoptes.me.test_me : test_me_gets | 2018-10-12 13:22:31 | 109159 microseconds
INFO | panoptes.me.test_me : test_me_gets | 2018-10-12 13:22:31 | 0
DEBUG | panoptes.auth : get_Token_UsernamePassword | 2018-10-12 13:22:31 | {'client_id': '1AA9B54E-B31D-48E6-94E2-7454208D82E0', 'grant_type': 'password', 'username': 'hgomez', 'password': 'W5TKMCsq1wQq', 'Scope': 'Shopper'}
DEBUG | urllib3.connectionpool : _new_conn | 2018-10-12 13:22:31 | Starting new HTTPS connection (1): auth.ordercloud.io:443
DEBUG | urllib3.connectionpool : _make_request | 2018-10-12 13:22:31 | https://auth.ordercloud.io:443 "POST /oauth/token HTTP/1.1" 200 521
DEBUG | panoptes.auth : get_Token_UsernamePassword | 2018-10-12 13:22:31 | {
  "access_token": "eyJ0eXAiOiJKV1QiLCJhbGciOiJIUzI1NiJ9.eyJ1c3IiOiJoZ29tZXoiLCJjaWQiOiIxYWE5YjU0ZS1iMzFkLTQ4ZTYtOTRlMi03NDU0MjA4ZDgyZTAiLCJ1c3J0eXBlIjoiYnV5ZXIiLCJyb2xlIjoiU2hvcHBlciIsImlzcyI6Imh0dHBzOi8vYXV0aC5vcmRlcmNsb3VkLmlvIiwiYXVkIjoiaHR0cHM6Ly9hcGkub3JkZXJjbG91ZC5pbyIsImV4cCI6MTUzOTQwNDU1MiwibmJmIjoxNTM5MzY4NTUyfQ.UJ4IOJWT_9Ny5neW2PZgTlEscly2dwCukq0bVixTf2E",
  "token_type": "bearer",
  "expires_in": 35999
}
INFO | panoptes.me.test_me : getSessions | 2018-10-12 13:22:31 | {'User-Agent': 'python-requests/2.19.1', 'Accept-Encoding': 'gzip, deflate', 'Accept': '*/*', 'Connection': 'keep-alive', 'Authorization': 'Bearer eyJ0eXAiOiJKV1QiLCJhbGciOiJIUzI1NiJ9.eyJ1c3IiOiJoZ29tZXoiLCJjaWQiOiIxYWE5YjU0ZS1iMzFkLTQ4ZTYtOTRlMi03NDU0MjA4ZDgyZTAiLCJ1c3J0eXBlIjoiYnV5ZXIiLCJyb2xlIjoiU2hvcHBlciIsImlzcyI6Imh0dHBzOi8vYXV0aC5vcmRlcmNsb3VkLmlvIiwiYXVkIjoiaHR0cHM6Ly9hcGkub3JkZXJjbG91ZC5pbyIsImV4cCI6MTUzOTQwNDU1MiwibmJmIjoxNTM5MzY4NTUyfQ.UJ4IOJWT_9Ny5neW2PZgTlEscly2dwCukq0bVixTf2E', 'Content-Type': 'application/json', 'charset': 'UTF-8'}
DEBUG | urllib3.connectionpool : _new_conn | 2018-10-12 13:22:31 | Starting new HTTPS connection (1): api.ordercloud.io:443
DEBUG | urllib3.connectionpool : _make_request | 2018-10-12 13:22:31 | https://api.ordercloud.io:443 "GET /v1/me HTTP/1.1" 200 445
DEBUG | urllib3.connectionpool : _make_request | 2018-10-12 13:22:31 | https://api.ordercloud.io:443 "GET /v1/me/catalogs HTTP/1.1" 200 279
INFO | panoptes.me.test_me : test_me_gets | 2018-10-12 13:22:31 | https://api.ordercloud.io/v1/me/catalogs
INFO | panoptes.me.test_me : test_me_gets | 2018-10-12 13:22:31 | 200
INFO | panoptes.me.test_me : test_me_gets | 2018-10-12 13:22:31 | 69225 microseconds
INFO | panoptes.me.test_me : test_me_gets | 2018-10-12 13:22:31 | 1
