DEBUG | test_auth : get_Token_UsernamePassword | 2018-07-03 10:55:34 | {'client_id': '1AA9B54E-B31D-48E6-94E2-7454208D82E0', 'grant_type': 'password', 'username': 'hgomez', 'password': 'W5TKMCsq1wQq', 'Scope': 'Shopper MeAdmin'}
DEBUG | urllib3.connectionpool : _new_conn | 2018-07-03 10:55:34 | Starting new HTTPS connection (1): auth.ordercloud.io:443
DEBUG | urllib3.connectionpool : _make_request | 2018-07-03 10:55:34 | https://auth.ordercloud.io:443 "POST /oauth/token HTTP/1.1" 200 539
DEBUG | test_auth : get_Token_UsernamePassword | 2018-07-03 10:55:34 | {
  "access_token": "eyJ0eXAiOiJKV1QiLCJhbGciOiJIUzI1NiJ9.eyJ1c3IiOiJoZ29tZXoiLCJjaWQiOiIxYWE5YjU0ZS1iMzFkLTQ4ZTYtOTRlMi03NDU0MjA4ZDgyZTAiLCJ1c3J0eXBlIjoiYnV5ZXIiLCJyb2xlIjpbIlNob3BwZXIiLCJNZUFkbWluIl0sImlzcyI6Imh0dHBzOi8vYXV0aC5vcmRlcmNsb3VkLmlvIiwiYXVkIjoiaHR0cHM6Ly9hcGkub3JkZXJjbG91ZC5pbyIsImV4cCI6MTUzMDY2OTMzNCwibmJmIjoxNTMwNjMzMzM0fQ.5va0UrfMRKTJvYnAhGdqjC3WDyy_u2nJugbEBe8b_OM",
  "token_type": "bearer",
  "expires_in": 35999
}
DEBUG | urllib3.connectionpool : _new_conn | 2018-07-03 10:55:34 | Starting new HTTPS connection (1): api.ordercloud.io:443
DEBUG | urllib3.connectionpool : _make_request | 2018-07-03 10:55:35 | https://api.ordercloud.io:443 "GET /v1/me HTTP/1.1" 200 404
DEBUG | test_me : get_Me | 2018-07-03 10:55:35 | {
  "Buyer": {
    "ID": "LocustBuyer",
    "DefaultCatalogID": "LocustBuyer"
  },
  "ID": "74465019",
  "Username": "hgomez",
  "Password": null,
  "FirstName": "Amy",
  "LastName": "Acevedo",
  "Email": "74465019.ldlhaugt@mailosaur.io",
  "Phone": "271-702-1354",
  "TermsAccepted": "2018-05-04T00:00:00+00:00",
  "Active": true,
  "xp": {},
  "AvailableRoles": [
    "MeAddressAdmin",
    "MeAdmin",
    "MeCreditCardAdmin",
    "MeXpAdmin",
    "OverrideUnitPrice",
    "PasswordReset",
    "Shopper"
  ]
}
